<?xml version="1.0" encoding="UTF-8"?>
<!-- Generated by org.testng.reporters.JUnitXMLReporter -->
<testsuite hostname="AkshayRohankar" ignored="1" name="Default test" tests="1" failures="0" timestamp="21 Apr 2019 09:50:34 GMT" time="68.68" errors="0">
  <testcase name="addCandidates" time="54.507" classname="testCases.RecruitmentPageTest"/>
  <testcase name="searchCandidates" time="0.0" classname="testCases.RecruitmentPageTest">
    <ignored/>
  </testcase> <!-- searchCandidates -->
</testsuite> <!-- Default test -->
