<?xml version="1.0" encoding="UTF-8"?>
<!-- Generated by org.testng.reporters.JUnitXMLReporter -->
<testsuite hostname="AkshayRohankar" ignored="2" name="Default test" tests="1" failures="0" timestamp="07 Aug 2019 19:38:56 GMT" time="47.425" errors="0">
  <testcase name="testValidateUnSuccessfullLogin" time="22.997" classname="testCases.LoginPageTest"/>
  <testcase name="testLoginPage" time="0.0" classname="testCases.LoginPageTest">
    <ignored/>
  </testcase> <!-- testLoginPage -->
  <testcase name="testValidateSuccessfullLogin" time="0.0" classname="testCases.LoginPageTest">
    <ignored/>
  </testcase> <!-- testValidateSuccessfullLogin -->
</testsuite> <!-- Default test -->
