<?xml version="1.0" encoding="UTF-8"?>
<!-- Generated by org.testng.reporters.JUnitXMLReporter -->
<testsuite hostname="Akshay" ignored="0" name="Test" tests="2" failures="0" timestamp="24 Apr 2020 04:03:44 GMT" time="4.278" errors="0">
  <testcase name="@BeforeTest initMe" time="4.245" classname="testCases.WindowHandlerTest">
    <failure type="java.lang.NullPointerException" message="null value in entry: url=null">
      <![CDATA[java.lang.NullPointerException: null value in entry: url=null
at com.google.common.collect.CollectPreconditions.checkEntryNotNull(CollectPreconditions.java:32)
at com.google.common.collect.SingletonImmutableBiMap.<init>(SingletonImmutableBiMap.java:42)
at com.google.common.collect.ImmutableBiMap.of(ImmutableBiMap.java:72)
at com.google.common.collect.ImmutableMap.of(ImmutableMap.java:124)
at org.openqa.selenium.remote.RemoteWebDriver.get(RemoteWebDriver.java:277)
at resources.base.initializeDriver(base.java:48)
at testCases.WindowHandlerTest.initMe(WindowHandlerTest.java:23)
... Removed 24 stack frames]]>
    </failure>
  </testcase> <!-- @BeforeTest initMe -->
  <testcase name="@AfterTest closeMe" time="0.0" classname="testCases.WindowHandlerTest">
    <skipped/>
  </testcase> <!-- @AfterTest closeMe -->
  <testcase name="testLoginPage" time="0.0" classname="testCases.WindowHandlerTest">
    <skipped/>
  </testcase> <!-- testLoginPage -->
  <testcase name="HandlerLoginPage" time="0.0" classname="testCases.WindowHandlerTest">
    <skipped/>
  </testcase> <!-- HandlerLoginPage -->
</testsuite> <!-- Test -->
