<?xml version="1.0" encoding="UTF-8"?>
<testng-results skipped="0" failed="0" ignored="0" total="2" passed="2">
  <reporter-output>
  </reporter-output>
  <suite name="Default suite" duration-ms="25666" started-at="2020-08-03T11:07:31Z" finished-at="2020-08-03T11:07:56Z">
    <groups>
    </groups>
    <test name="Default test" duration-ms="25666" started-at="2020-08-03T11:07:31Z" finished-at="2020-08-03T11:07:56Z">
      <class name="com.qa.testCases.LoginPageTest">
        <test-method status="PASS" signature="initMe()[pri:0, instance:com.qa.testCases.LoginPageTest@13deb50e]" name="initMe" is-config="true" duration-ms="14681" started-at="2020-08-03T11:07:31Z" finished-at="2020-08-03T11:07:45Z">
          <reporter-output>
          </reporter-output>
        </test-method> <!-- initMe -->
        <test-method status="PASS" signature="testValidateSuccessfullLogin()[pri:0, instance:com.qa.testCases.LoginPageTest@13deb50e]" name="testValidateSuccessfullLogin" duration-ms="40" started-at="2020-08-03T11:07:45Z" finished-at="2020-08-03T11:07:45Z">
          <reporter-output>
          </reporter-output>
        </test-method> <!-- testValidateSuccessfullLogin -->
        <test-method status="PASS" signature="testValidateUnSuccessfullLogin()[pri:0, instance:com.qa.testCases.LoginPageTest@13deb50e]" name="testValidateUnSuccessfullLogin" duration-ms="10098" started-at="2020-08-03T11:07:45Z" finished-at="2020-08-03T11:07:56Z">
          <reporter-output>
          </reporter-output>
        </test-method> <!-- testValidateUnSuccessfullLogin -->
        <test-method status="PASS" signature="tearDown()[pri:0, instance:com.qa.testCases.LoginPageTest@13deb50e]" name="tearDown" is-config="true" duration-ms="790" started-at="2020-08-03T11:07:56Z" finished-at="2020-08-03T11:07:56Z">
          <reporter-output>
          </reporter-output>
        </test-method> <!-- tearDown -->
      </class> <!-- com.qa.testCases.LoginPageTest -->
    </test> <!-- Default test -->
  </suite> <!-- Default suite -->
</testng-results>
